<?xml version="1.0" encoding="UTF-8"?>
<!-- Generated by org.testng.reporters.JUnitReportReporter -->
<testsuite hostname="LAPTOP-N5KUAGO6" failures="0" tests="3" name="runner.TestRunner" time="35.289" errors="0" timestamp="2022-11-13T22:37:42 NZDT" skipped="0">
  <testcase classname="runner.TestRunner" name="runScenario" time="8.203"/>
  <system-out/>
  <testcase classname="runner.TestRunner" name="runScenario" time="19.899"/>
  <system-out/>
  <testcase classname="runner.TestRunner" name="runScenario" time="7.187"/>
  <system-out/>
</testsuite> <!-- runner.TestRunner -->
